1 66.15285242347505 3 74.76360373271679 154.94749682376502 0.3147174840050592 0.8671769473210266
2 57.62703962817992 2 45.10889491736753 174.72839810604432 0.3539738242104784 0.7698036560595802
3 87.01389395206552 3 55.941280788504756 125.57404952639973 0.4437297297694375 0.6383447061413163
2 133.35511984293333 1 50.69434226371247 235.87584396894712 0.4780175492033648 0.033824804856895055
3 98.9502934465804 1 74.83047845120672 172.81829924875217 0.49309114105898566 0.09899216125419932
1 128.21165227024167 1 109.13184382002864 151.05359779200202 0.3759567423883512 0.7367246764837126
2 81.07233631462636 3 76.10799369609397 142.18253466306325 0.3697881268398678 0.7554098360655738
3 15.879547558369948 1 35.92865036934551 159.03963969159173 0.2910547350463261 0.9462318201851035
2 56.377932470166606 4 68.84282571930126 153.7121411624857 0.337745103617447 0.8175586023883238
2 19.691583678370208 4 45.36636049545727 238.42643239206208 0.3278820562431991 0.8360185389538733
3 116.00998569912844 1 55.76882267615103 204.82288126171406 0.39384424585718053 0.005454942177612917
3 18.26258553718307 2 132.19366282896044 157.31787860587946 0.299015862747223 0.9140043763676149
1 82.96603568403451 4 148.3840617001391 212.51606159454732 0.3730164103791056 0.7087022241416541
1 76.11418985141135 2 134.55387402748048 228.90797687113115 0.3722398120615293 0.7007430758838099
1 115.0556493433742 4 49.0198317057208 196.00845078125081 0.40479963284157033 0.6713302242949145
3 126.0326698036971 1 164.66097384184062 184.7210690298781 0.5701648655211797 0.0
2 53.88997228247163 1 59.97940588473144 233.1491644695023 0.3862636291576376 0.6720214190093708
1 57.27184830930822 3 113.38231191380589 236.6138499265153 0.3536976556567938 0.7347163981461046
3 49.11418027618006 2 65.32081324856554 154.18085932529613 0.38873888950283125 0.7280298049528818
3 73.6288588360832 1 63.121140320055034 238.27805449327207 0.48137680584156567 0.061855670103092786
1 40.892880719011956 4 140.98439853305814 207.38596183342315 0.32019434929946766 0.8643622839641216
3 15.30076840211931 1 77.74041169491245 190.907153182589 0.3034339459088186 0.9143230869849575
2 125.32123515446526 4 150.6720221966431 213.58506550291486 0.49003366630792633 0.22628696604600218
2 126.8120445085203 1 35.14519369910879 192.7714871591508 0.4856252042015746 0.40305676855895195
1 10.65800590000843 3 38.264877715885774 139.29696617009984 0.23895289149235482 0.9520577933450087
2 39.15501022987277 3 144.54113558468478 205.4615065617043 0.33950286913533545 0.7963002796300279
1 94.4522768761379 3 78.57194566866819 221.90680925930135 0.3856613377574601 0.6776914539400666
2 57.803054397726356 1 122.29554860038489 151.82428412180707 0.3453717398393385 0.7923400487048926
3 93.91139846793182 1 70.53902523935405 141.2532815288459 0.47628845730674774 0.5211605584642234
3 135.27059702160287 4 97.07314669711658 222.3611346560832 0.2538665370899737 0.005417607223476298
1 51.1998606703161 4 89.31759114834655 140.3391296023311 0.28964684495999676 0.9201479547432551
2 77.38285480728578 1 198.20969301876738 225.28476863135467 0.4261892660497944 0.5985900448622089
2 101.25569404350144 3 163.69313221401953 215.49512033233214 0.45619463158139645 0.5231348239982289
3 22.21765217931297 2 80.83912823327645 189.39361691954088 0.331111656613878 0.8577181208053691
1 47.25036277667697 3 103.80764326384283 190.8999912682813 0.3090911452520834 0.8744779072323587
1 92.86588719476686 3 115.64383368226665 207.1309600467194 0.38197114785492936 0.7019230769230769
3 113.37420531993148 2 112.93406269421516 152.4998701514489 0.48611599897032337 0.1005524861878453
2 135.14429390813024 1 34.12214864160787 220.3176144614647 0.4866881348503654 0.070298769771529
3 30.336815547241187 1 93.61152999456858 150.02914777975144 0.32956676477241265 0.8337909186906018
2 46.391406602972566 3 148.62726608601122 234.58383367958328 0.3687823818803303 0.6933628318584071
2 66.4007144009365 1 105.22491874050182 167.82056812768482 0.36391290975455426 0.7513416815742398
2 58.69963990144126 1 134.3168571561759 195.10318988570836 0.37393289611295993 0.7311178247734139
2 80.93018261107154 2 135.79187931962358 232.97577705318304 0.43247193518578314 0.6096510124946144
1 98.7908805441264 1 23.27992861727895 128.54263781522747 0.3357439556145322 0.825375476350594
1 124.07136175851689 3 145.4126897655471 208.2085252564663 0.4127136921853085 0.6497816593886463
3 107.57991771331159 1 70.76622306283517 216.82016871207168 0.40028062082149635 0.005570409982174688
3 110.9336848964596 2 94.27118184405677 160.89642483036215 0.494659544459377 0.053758741258741256
3 107.61323881289466 2 174.51429533174212 210.54514489016188 0.39525187861141553 0.004195186575402959
4 32.81617005456488 1 127.8635054141324 172.77646760573296 0.26931864200002953 0.9334096109839817
4 11.181266367949114 1 136.82057849177843 174.5068072971052 0.24169514658089133 0.9475395621070887
4 45.01357402591037 1 105.96772264827692 162.12292817857917 0.281804117140083 0.9242888402625821
4 10.321101278442567 1 66.75056354700807 160.03437440659087 0.23893203759341805 0.9557463672391017
1 64.25383811133999 1 80.24638381822564 200.58827742313147 0.3405407473786055 0.7838383838383839
1 27.501054842234733 3 81.81596946961075 225.53861680934472 0.3089816039756346 0.8735529830810329
4 19.591815575892028 1 116.83106533145789 226.19183755569676 0.2863963870400515 0.8944507361268403
4 26.299261436656227 1 145.22515999617508 162.9180677225115 0.784619190509878 0.0
4 10.0 5 107.0753768270161 198.6755681879332 0.26330378356748196 0.9233896854269206
1 74.5476804764964 1 169.85214177996755 240.0 0.3698126080430912 0.68478737395879
1 10.0 5 56.47853310430746 212.36564695996452 0.2730538691468106 0.9020791415157612
1 140.0 1 92.23826979975894 123.01168411536997 0.3706482870107768 0.7517564402810304
1 113.07718451303714 1 129.07689209054033 227.0266335693383 0.41559986843218044 0.6391342756183745
1 10.0 5 144.8570099760242 240.0 0.30079997629692784 0.8557522123893805
1 88.97829853620519 1 102.16785799619501 240.0 0.3923354328379581 0.6633154602323503
4 10.0 1 72.73782027825803 240.0 0.2933373415656381 0.8643344709897611
1 30.359637577991098 5 56.813074336886444 179.91562275833803 0.27679490572375165 0.9320763289413903
4 67.18357417264775 5 103.74721821406598 212.86822975544158 0.3460371267967549 0.7672997162191662
1 10.0 1 20.0 240.0 0.2977546542585216 0.8632382663373007
4 44.52141794485169 1 20.0 240.0 0.3442357768554966 0.7907713187061751
4 10.0 1 61.998745590173044 120.0 0.23585362644485006 0.9521194816604437
4 10.0 1 20.0 120.0 0.24532802970046316 0.9576307825335063
1 140.0 1 105.87219950990705 180.05495830405886 0.41206748784376307 0.6587615283267457
1 140.0 1 81.9936043873206 154.88011280626878 0.38927514714791484 0.701935767707875
1 140.0 1 20.0 120.0 0.37551083802621826 0.7647189021691013
4 140.0 1 57.59678375552291 120.0 0.3517428600000804 0.7837531200363059
1 105.88008434169546 1 200.0 240.0 0.4020905984425408 0.6425066904549509
4 140.0 1 200.0 240.0 0.4346914730774551 0.5870239149689991
4 10.0 5 138.31772084761928 212.3181479728629 0.27352143477751667 0.9067481982965713
4 39.94563489960766 1 62.30459674464 207.24675964472937 0.3092551993497473 0.8820346320346321
1 140.0 5 64.77182386010735 184.12100677644415 0.4168326821566409 0.6589250165892502
4 140.0 1 136.34670956392063 240.0 0.4283397450423099 0.5934652144921093
1 106.26619895986104 1 161.46123808675557 240.0 0.40878851378196807 0.6429836210712705
1 10.0 5 100.69022041490531 240.0 0.2873227506165306 0.868946474086661
4 48.7276316345513 5 86.87961917342942 240.0 0.3493892053667145 0.7594486438417074
4 50.24192305866728 1 78.14295209505364 176.53146963555068 0.304345391715167 0.8904879694175849
4 10.0 1 40.44281225382862 186.57996069676963 0.25199168107583697 0.9416058394160584
4 10.0 1 171.11794781579013 225.72222006420307 0.27708944920109807 0.8859857482185273
4 113.91344051116977 1 41.549456331805665 120.0 0.3340817882185241 0.8235919234856536
1 99.58979930703381 1 138.90552904101196 192.398217787932 0.37448937885650996 0.716079295154185
4 85.80514417342172 1 40.76740233257029 161.6022825395929 0.3330906843227215 0.8088879159369528
1 140.0 1 125.63661022223194 207.2717313334773 0.42761197995264716 0.6171229900043459
4 32.550785693629614 1 48.46806608617257 120.0 0.2527026251197983 0.9499234638093156
1 140.0 1 169.91335286498776 240.0 0.45539655835817483 0.5213750550903482
4 60.295634343896324 1 66.10130250920784 120.0 0.28593263933260604 0.9312527280663466
4 10.0 1 96.03298311292494 171.20255274733393 0.24433464994910326 0.944744226203324
1 117.08866515399582 1 116.8967271395206 194.84714290999307 0.3916389506889432 0.6824549699799867
4 10.0 1 20.0 150.4814041491114 0.24595208108490427 0.9598165538327146
4 39.51758417118271 1 104.49296645108878 214.75435882290355 0.3165693505854984 0.866755201416556
1 33.65697344691179 5 126.19994804924863 240.0 0.32470355816924 0.8221766848816029
1 80.69472560948738 1 99.0960998458496 189.01714204406574 0.35554435279120605 0.7569230769230769
4 10.0 1 87.70058912922315 214.93205048156776 0.2588382878455841 0.917208495882098
