2 87.82560294561476 3 94.44247918063618 138.7222368530924 0.3726068996368732 0.7456570155902005
1 88.14495152661715 4 49.6470458309974 204.96870933552546 0.3711074381127415 0.7199297629499561
1 37.6040843881759 4 93.52129043283519 141.81899606485206 0.2792938921831729 0.9418245923314236
1 66.15285242347505 3 74.76360373271679 154.94749682376502 0.31086104381288193 0.8595994775794514
2 57.62703962817992 2 45.10889491736753 174.72839810604432 0.3598633591303398 0.7657257168259614
3 87.01389395206552 3 55.941280788504756 125.57404952639973 0.4426719366247623 0.6181616832779624
2 133.35511984293333 1 50.69434226371247 235.87584396894712 0.48268280905031147 0.026583099200345798
3 98.9502934465804 1 74.83047845120672 172.81829924875217 0.4932136655789371 0.09288194444444445
1 128.21165227024167 1 109.13184382002864 151.05359779200202 0.3664652663818043 0.7397648083623694
2 81.07233631462636 3 76.10799369609397 142.18253466306325 0.3672495235864254 0.754601226993865
3 126.32755555559434 4 139.16803979476265 191.7479974573302 0.35043535976643003 0.00603578357404613
3 15.879547558369948 1 35.92865036934551 159.03963969159173 0.28665037748466704 0.9368255395683454
2 56.377932470166606 4 68.84282571930126 153.7121411624857 0.33627137217873443 0.8207526163437987
2 19.691583678370208 4 45.36636049545727 238.42643239206208 0.3243929742406681 0.8496775628196576
3 116.00998569912844 1 55.76882267615103 204.82288126171406 0.39705475953583597 0.006362439666520404
3 56.600544710755436 1 115.94250107365194 133.90428714301555 0.7769887631256576 0.0
3 18.26258553718307 2 132.19366282896044 157.31787860587946 0.2969673266640331 0.9250744997871435
1 125.33765653492244 3 136.1634921652254 176.66579101943393 0.393839852590423 0.6844884488448845
1 82.96603568403451 4 148.3840617001391 212.51606159454732 0.3697134587224042 0.7023019034971226
2 13.304486476732375 2 100.84533050485454 132.94697123919653 0.2526192615911958 0.9443582354245178
1 76.11418985141135 2 134.55387402748048 228.90797687113115 0.3691271758689454 0.7026793431287813
1 39.74376151391092 4 84.01554363773323 129.23758917945517 0.2674200626020665 0.9420891608391608
1 115.0556493433742 4 49.0198317057208 196.00845078125081 0.40411559212686143 0.6877877658408243
3 126.0326698036971 1 164.66097384184062 184.7210690298781 0.5715801051174937 0.0
3 24.30675018859798 2 119.63208050615845 147.352219505033 0.3135649189011856 0.8943196829590488
2 10.90377696905479 4 131.86045297905414 181.28967630930788 0.25402952924927974 0.9463132100690577
2 53.88997228247163 1 59.97940588473144 233.1491644695023 0.3820613791085941 0.6853859496964441
1 57.27184830930822 3 113.38231191380589 236.6138499265153 0.3536424868572015 0.7266266933155674
3 49.11418027618006 2 65.32081324856554 154.18085932529613 0.38825669046620026 0.7176728869374314
1 16.692237662498616 3 118.33041477923892 153.43757570839338 0.2480387330024031 0.948306595365419
3 73.6288588360832 1 63.121140320055034 238.27805449327207 0.4805680760774479 0.061122025758568
1 40.892880719011956 4 140.98439853305814 207.38596183342315 0.3135124612336124 0.8592200925313945
2 79.6507089297186 3 90.49358397609322 130.834772406529 0.3568937956323451 0.7709251101321586
3 15.30076840211931 1 77.74041169491245 190.907153182589 0.30631468693740044 0.9164133738601824
3 39.44445077573194 3 35.48372233197124 197.42073484913396 0.38928766212313065 0.7078189300411523
1 131.7748985357755 2 106.0330994454977 136.5025132975192 0.3706966090939975 0.739501312335958
2 124.05411593952753 4 51.98774473114251 150.95299532581868 0.4387598417898197 0.6183737646001797
2 78.85457518628084 3 111.81424244407572 149.02227490805421 0.37494576038370847 0.7329040852575488
1 92.30318944552484 4 109.66685263931086 160.68357492584408 0.35047430263704693 0.7773747449557923
2 125.32123515446526 4 150.6720221966431 213.58506550291486 0.49462145009469116 0.23076923076923078
2 126.8120445085203 1 35.14519369910879 192.7714871591508 0.4853861065030514 0.4031506545373863
1 10.65800590000843 3 38.264877715885774 139.29696617009984 0.23538183585730799 0.9461606354810238
2 39.15501022987277 3 144.54113558468478 205.4615065617043 0.3377962309866359 0.7955194377333626
1 94.4522768761379 3 78.57194566866819 221.90680925930135 0.38637913989085537 0.6832589285714286
2 57.803054397726356 1 122.29554860038489 151.82428412180707 0.3456051796654785 0.7958251793868232
1 125.96605217302472 2 165.01272613300114 195.73663511967155 0.41372687511743367 0.650730411686587
3 74.0273001964523 3 105.35300315071098 143.42915853576534 0.4388103298905561 0.6314523184601925
3 93.91139846793182 1 70.53902523935405 141.2532815288459 0.47746476400852755 0.5093708165997323
3 58.12063103320777 4 70.26021837464614 121.85479398346409 0.3805427589872516 0.7466283440194561
3 135.27059702160287 4 97.07314669711658 222.3611346560832 0.2550103037288708 0.003968253968253968
1 51.1998606703161 4 89.31759114834655 140.3391296023311 0.2845252077406172 0.9235255994815295
2 84.10795211161745 3 88.8199873854933 131.66117925249222 0.37006757747661206 0.757354520077303
2 77.38285480728578 1 198.20969301876738 225.28476863135467 0.42229668782824853 0.6115359405724273
3 56.733849658568175 3 112.13165795225483 155.2310213117392 0.40261350964424636 0.6945244956772334
3 128.72127183234127 4 131.6781951201084 181.36108786331255 0.3745285532190909 0.003714223290364868
2 101.25569404350144 3 163.69313221401953 215.49512033233214 0.4610623640117278 0.521380846325167
3 22.21765217931297 2 80.83912823327645 189.39361691954088 0.32918511398014905 0.8664609960334949
1 47.25036277667697 3 103.80764326384283 190.8999912682813 0.3160231004941568 0.8770255271920089
1 56.82478338346417 4 47.904022426386334 135.24726151822617 0.2985104316355563 0.918967052537845
2 90.97576185647003 1 106.60885469937844 130.24169579925217 0.7921748190485765 0.0
1 92.86588719476686 3 115.64383368226665 207.1309600467194 0.37831680612164 0.6876355748373102
3 113.37420531993148 2 112.93406269421516 152.4998701514489 0.4828109739656439 0.08096526838069464
2 135.14429390813024 1 34.12214864160787 220.3176144614647 0.4876599376726025 0.07797567332754127
3 30.336815547241187 1 93.61152999456858 150.02914777975144 0.3268832727187011 0.8438924339106655
2 46.391406602972566 3 148.62726608601122 234.58383367958328 0.3672865589875103 0.6980765074562352
3 64.54800811561269 3 110.25888889076481 149.7277187401389 0.4239488702803266 0.6616307487225062
2 25.08944326589911 1 109.9445774974201 125.52031704261033 0.8012024031256878 0.0
1 71.64259778135226 3 88.59378490291923 131.74009927812017 0.3118320568142338 0.8887191795766964
2 66.4007144009365 1 105.22491874050182 167.82056812768482 0.3686934930914185 0.7511591962905718
2 58.69963990144126 1 134.3168571561759 195.10318988570836 0.36556070926463197 0.7306515085264539
2 31.18147552058586 3 87.12050442329377 128.46824968805157 0.2799243419512565 0.9458397029919197
2 132.22993138524447 3 38.43102325093853 189.05690134510547 0.48588912070069323 0.37042716319824753
2 80.93018261107154 2 135.79187931962358 232.97577705318304 0.4293104810225916 0.5957875868250057
2 35.452847522608536 4 77.1093304267773 128.32335610501985 0.2844714785740306 0.9303135888501742
1 98.7908805441264 1 23.27992861727895 128.54263781522747 0.34610575061751797 0.8285900499674126
1 115.88090273656165 1 137.89169554337496 153.822572972808 0.7810712242754063 0.0
1 124.07136175851689 3 145.4126897655471 208.2085252564663 0.41118125142292045 0.6350658041490074
3 107.57991771331159 1 70.76622306283517 216.82016871207168 0.39683390768935156 0.004865103936311367
3 110.9336848964596 2 94.27118184405677 160.89642483036215 0.48714472898378075 0.06142120600762161
3 107.61323881289466 2 174.51429533174212 210.54514489016188 0.3967009719899095 0.004439511653718091
1 10.0 1 200.0 240.0 0.2914598534663726 0.8592297476759628
1 140.0 1 80.60105906900289 120.0 0.36584445034828356 0.7620674925245622
1 140.0 1 105.0 120.0 0.3879279290765479 0.7749732620320856
1 10.0 1 107.9536568677222 240.0 0.2923321793433693 0.8578580757509795
1 140.0 1 200.0 240.0 0.4519573796182709 0.5217298679164891
1 140.0 5 55.0 120.0 0.3728420886319048 0.765093537414966
1 38.704127904237026 1 181.30000468807205 196.30000468807205 0.3264450739908116 0.9152542372881356
1 94.06343922821634 5 55.0 170.04358678120357 0.35402736382226185 0.7659151193633952
1 10.0 5 55.0 211.58532843046356 0.27075935218835634 0.9155487134374313
1 48.21438093234451 1 200.0 240.0 0.3505394727310834 0.7524644030668127
1 10.0 1 154.45340722603802 240.0 0.29326824629176035 0.8547854785478548
1 117.55130901731428 1 140.31683525477925 240.0 0.4229796440196563 0.6202173913043478
1 140.0 1 150.30920412536958 165.30920412536958 0.4170423545092794 0.7053977888575764
4 10.0 1 105.0 120.0 0.2558944955457763 0.9693721286370597
1 48.0619798656767 5 55.0 240.0 0.34601291296142467 0.7429203539823008
4 10.0 1 73.16547772144357 120.0 0.24068076314998663 0.9515525214710416
4 10.0 1 20.0 120.0 0.24513647392165813 0.951878707976269
4 10.0 1 162.1196225047594 177.1196225047594 0.267950471252755 0.9674080598987007
1 107.91010677982146 1 159.8139782114348 174.8139782114348 0.3932997736515191 0.7540410659676715
1 101.32532312857391 1 147.39462244101145 177.30238280876776 0.3716364229753826 0.7397970200820557
1 140.0 1 124.3316335730234 175.19389304462692 0.4083523624688943 0.6662971175166297
1 140.0 1 105.0 120.0 0.3831005693185282 0.7811738648947951
1 113.10581781451725 5 55.0 240.0 0.41692465780491833 0.6305537316699497
4 10.0 1 120.66075733681764 198.13005796371561 0.2579531150490152 0.9280747501086484
1 86.96730149389585 1 169.54086210451683 240.0 0.38335396645131403 0.6600415992604576
1 61.671949352758276 5 72.57642131115584 204.46435468606154 0.34051866286982724 0.786728806036396
1 65.35984251352475 1 158.79910708371528 173.79910708371528 0.35339977983269927 0.8444297956493079
1 140.0 5 55.0 240.0 0.4613294045462842 0.5242613758895838
1 140.0 5 69.23475864308062 157.80139378154706 0.3982425776196629 0.6930051813471503
1 109.5737404580373 1 105.0 120.0 0.363272786595203 0.8304498269896193
1 24.353591309974444 5 78.26294688843014 226.67848744518133 0.30266964275085345 0.8818346136466335
4 47.66240186227124 5 65.0 120.0 0.2725245846548251 0.9435519857206605
1 140.0 1 188.39143804282597 203.39143804282597 0.4574126838955472 0.629046180405697
1 140.0 1 105.0 120.0 0.38350757832151444 0.7827780181739507
1 43.67378837960834 1 50.146830030842985 120.0 0.27303600462991456 0.9485261768587769
4 10.0 1 20.0 240.0 0.2956076111887992 0.8743432574430823
1 97.16658583557701 1 92.93739444887423 120.0 0.33219394494885507 0.8212134251290878
1 105.72171957392816 1 142.18274000902696 218.5624909299793 0.39967637129591366 0.6585311737297537
1 93.47574678759285 5 101.45017017672897 240.0 0.39770881517359175 0.6528276481149012
4 10.0 5 155.56753393962515 210.56753393962515 0.2729376933813666 0.9199736899802675
1 121.86619427224794 5 55.0 120.0 0.35290206093627147 0.7849978194505015
4 71.2024817598025 5 55.0 120.0 0.2883473561015421 0.9107571459742527
1 10.0 5 70.66172688946153 160.66395578046328 0.24052866605785553 0.9462151394422311
1 26.54738985401603 1 49.841532005421335 203.46534599604914 0.2921204566976416 0.9134029590948651
4 10.0 5 65.0 120.0 0.2280634722576191 0.9502995340581318
1 10.0 5 55.0 175.1688056060642 0.2536774646859362 0.9467028003613369
1 61.415008628216874 1 177.8576147459845 206.8627829949585 0.3485288207486206 0.7604588394062078
1 40.22685041040476 5 55.0 160.92293016632897 0.28433900127112294 0.9313162544169611
1 113.42207946525642 1 105.0 120.0 0.36532789229078694 0.8281628162816281
1 102.18469678870935 5 55.0 177.14842765031827 0.36804054625803495 0.7399738448125545
1 140.0 5 55.0 151.80293882295007 0.39047231889760725 0.7013495864170657
1 140.0 1 142.02966585694807 240.0 0.4598324575588312 0.5255347010039284
1 43.39323260703504 1 156.6665588011174 171.6665588011174 0.32580349105832596 0.9373654756780025
1 74.2976810827527 5 96.86131485617945 215.78326732070204 0.35925462499353067 0.7231942575145806
4 37.23118874703984 5 55.0 120.0 0.2618907988946283 0.9462459194776931
1 109.731664222706 5 55.0 200.74821445459278 0.3953965478498822 0.6727193174360097
4 10.0 1 71.1522804566443 240.0 0.2891100573441913 0.8718820861678005
4 66.745104453328 1 93.52356663775396 120.0 0.30055701325370193 0.906284454244763
1 105.84082026480893 1 200.0 240.0 0.4115084911519607 0.6238839285714286
1 111.52282618903106 1 105.0 120.0 0.36643989489151946 0.8276535706533535
