1 58.690215450157126 3 234.08571676918996 0.3590775032429974 0.780373831775701
1 105.15921243548266 3 191.83901810364438 0.4066836018194991 0.7081447963800905
1 30.282423257516747 3 138.71934244034432 0.25678191655364396 0.9461722488038278
1 17.550869581865932 3 223.94113749299223 0.27111239835273043 0.8967452300785634
1 88.14495152661715 3 204.96870933552546 0.3738151817129676 0.7431192660550459
1 12.675984258454317 3 236.38918225943934 0.2710811329111456 0.8957055214723927
1 118.21754330405483 3 145.48069328139314 0.3841754034197233 0.7651006711409396
1 33.63724573692308 3 142.00854118241205 0.25099285390618525 0.947187141216992
1 49.55149158473991 3 182.97077179586853 0.2923624265310665 0.9261300992282249
1 66.15285242347505 3 154.94749682376502 0.32989320753175205 0.9045120671563484
1 89.54087631390934 3 136.739263278245 0.3480868690716441 0.8636859323882224
1 47.97880430957836 3 163.963421195243 0.2971047052866481 0.9400452488687783
1 69.28909794821467 3 214.22111536716164 0.3697665917339802 0.7636949516648764
1 35.957591680586766 3 181.7081326096334 0.2852401018080076 0.937641723356009
1 87.01389395206552 3 125.57404952639973 0.3264749814685928 0.9091903719912473
1 140.0 3 240.0 0.4757321912465037 0.532150776053215
1 139.9840852299548 3 197.14824163332213 0.4326989869728639 0.6403607666290868
1 140.0 3 120.0 0.3745540524062064 0.7968397291196389
1 110.75059966475592 3 239.9589455752992 0.4316957889301554 0.6258205689277899
1 139.8956084548111 3 224.67243420622503 0.4586555860081005 0.6069819819819819
1 132.35410030847584 3 239.88152231649462 0.4656650597374635 0.5915649278579356
1 10.0 3 120.0 0.22328306250883226 0.9523809523809523
1 139.8870121323637 3 162.6588724445482 0.4156404199955349 0.7191256830601093
1 139.96056782263344 3 239.734235231695 0.46379511489622194 0.5573212258796821
1 124.52049496294288 3 215.50005493566476 0.426889106217315 0.6633879781420765
