1 58.690215450157126 3 234.08571676918996 0.3550138583912094 0.7833333333333333
1 105.15921243548266 3 191.83901810364438 0.38840665432956406 0.7231040564373897
1 30.282423257516747 3 138.71934244034432 0.2732759469270944 0.9254966887417219
1 17.550869581865932 3 223.94113749299223 0.28302121188145374 0.8841354723707665
1 88.14495152661715 3 204.96870933552546 0.38765551324156805 0.7216117216117216
1 12.675984258454317 3 236.38918225943934 0.27998432909011955 0.8767361111111112
1 118.21754330405483 3 145.48069328139314 0.39083524985363854 0.7605633802816901
1 33.63724573692308 3 142.00854118241205 0.25216984070591947 0.9469026548672567
1 49.55149158473991 3 182.97077179586853 0.30731211710113976 0.9245960502692998
1 66.15285242347505 3 154.94749682376502 0.31794559079922124 0.9263698630136986
1 73.73039502909691 3 120.05323393239962 0.2914137043738135 0.9426987060998152
1 140.0 3 240.0 0.4674154254445887 0.5651408450704225
1 10.453521316869775 3 120.2964473535009 0.214708220469569 0.9491228070175438
1 139.94486504287323 3 120.13616275665815 0.3836320627043638 0.7857142857142857
1 45.176022808178914 3 120.09995243523693 0.271444360288225 0.9461279461279462
1 98.64280050781682 3 120.0791161891367 0.3079461900651365 0.9063032367972743
1 69.28440808504864 3 168.5213159164171 0.33269269917132915 0.875
1 10.043333586803069 3 180.1372501286247 0.22111124846996233 0.9466192170818505
1 76.7335273391673 3 138.59706272300093 0.31789759432111214 0.9264214046822743
1 139.95458809481076 3 187.59511517746012 0.4239316281105096 0.6647058823529411
1 62.57807210144656 3 138.6652066255901 0.2851879331403198 0.9476534296028881
1 33.75384076233468 3 189.29094659004573 0.29093922156428415 0.9434306569343066
1 40.215226710852136 3 172.234294555739 0.2935353173380334 0.9556737588652482
1 50.22598185963451 3 164.5714564515539 0.28356484095748935 0.9438405797101449
1 79.7431930459902 3 150.3152781189297 0.3326408500720414 0.8839779005524862
1 99.74772031306522 3 240.0 0.4225093728586356 0.6469565217391304
1 27.592688858477 3 169.4503328372548 0.2551130605398465 0.9504424778761061
1 139.9762387310793 3 146.8185677233898 0.40760549926558276 0.7220216606498195
1 34.4269245299278 3 239.93936280290356 0.3269645329403607 0.8533568904593639
1 39.2931267411856 3 179.6933711301566 0.27858317636346636 0.9404761904761905
